Arguments: 
  C:\Program Files\nodejs\node.exe C:\Program Files\nodejs\node_modules\yarn\bin\yarn.js add @types/node-fs

PATH: 
  C:\Program Files\Python37\Scripts\;C:\Program Files\Python37\;C:\Windows\system32;C:\Windows;C:\Windows\System32\Wbem;C:\Windows\System32\WindowsPowerShell\v1.0\;C:\Windows\System32\OpenSSH\;C:\Program Files\nodejs\;C:\Program Files\TortoiseSVN\bin;C:\Python27\;C:\Program Files (x86)\NVIDIA Corporation\PhysX\Common;C:\Program Files\NVIDIA Corporation\NVIDIA NvDLISR;C:\Users\Hxcon\.windows-build-tools\python27\;C:\Users\Hxcon\AppData\Roaming\npm\node_modules\npm\node_modules\npm-lifecycle\node-gyp-bin;C:\Program Files\nodejs\node_modules\windows-build-tools\node_modules\.bin;C:\Program Files\nodejs\node_modules\.bin;C:\Program Files\Python37\Scripts\;C:\Program Files\Python37\;C:\Windows\system32;C:\Windows;C:\Windows\System32\Wbem;C:\Windows\System32\WindowsPowerShell\v1.0\;C:\Windows\System32\OpenSSH\;C:\Program Files\nodejs\;C:\Program Files\TortoiseSVN\bin;C:\Program Files\Microsoft VS Code\bin;C:\Python27\;C:\Users\Hxcon\AppData\Local\Microsoft\WindowsApps;C:\Users\Hxcon\AppData\Roaming\npm;C:\Users\Hxcon\AppData\Local\Programs\nowa-gui-version\resources\app\nodes;C:\Users\Hxcon\.nowa-gui\installation\node_modules\.bin;C:\Users\Hxcon\AppData\Local\Programs\nowa-gui-version\resources\app\node_modules\.bin;C:\Users\Hxcon\AppData\Local\GitHubDesktop\bin;C:\Users\Hxcon\AppData\Local\Programs\Microsoft VS Code\bin

Yarn version: 
  1.22.0

Node version: 
  8.16.0

Platform: 
  win32 x64

Trace: 
  Error: http://r.cnpmjs.org/@types%2fnode-fs: [not_found] document not found
      at Request.params.callback [as _callback] (C:\Program Files\nodejs\node_modules\yarn\lib\cli.js:66975:18)
      at Request.self.callback (C:\Program Files\nodejs\node_modules\yarn\lib\cli.js:140727:22)
      at emitTwo (events.js:126:13)
      at Request.emit (events.js:214:7)
      at Request.<anonymous> (C:\Program Files\nodejs\node_modules\yarn\lib\cli.js:141699:10)
      at emitOne (events.js:116:13)
      at Request.emit (events.js:211:7)
      at Gunzip.<anonymous> (C:\Program Files\nodejs\node_modules\yarn\lib\cli.js:141621:12)
      at Object.onceWrapper (events.js:313:30)
      at emitNone (events.js:111:20)

npm manifest: 
  {
    "dependencies": {
      "@types/adm-zip": "^0.4.32",
      "@types/node": "^13.11.1",
      "adm-zip": "^0.4.14",
      "adm-zip-iconv": "^0.4.9",
      "node-fs": "^0.1.7",
      "path": "^0.12.7"
    }
  }

yarn manifest: 
  No manifest

Lockfile: 
  # THIS IS AN AUTOGENERATED FILE. DO NOT EDIT THIS FILE DIRECTLY.
  # yarn lockfile v1
  
  
  "@types/adm-zip@^0.4.32":
    version "0.4.32"
    resolved "http://r.cnpmjs.org/@types/adm-zip/download/@types/adm-zip-0.4.32.tgz#6de01309af60677065d2e52b417a023303220931"
    integrity sha1-beATCa9gZ3Bl0uUrQXoCMwMiCTE=
    dependencies:
      "@types/node" "*"
  
  "@types/node@*", "@types/node@^13.11.1":
    version "13.11.1"
    resolved "http://r.cnpmjs.org/@types/node/download/@types/node-13.11.1.tgz#49a2a83df9d26daacead30d0ccc8762b128d53c7"
    integrity sha1-SaKoPfnSbarOrTDQzMh2KxKNU8c=
  
  adm-zip-iconv@^0.4.9:
    version "0.4.9"
    resolved "http://r.cnpmjs.org/adm-zip-iconv/download/adm-zip-iconv-0.4.9.tgz#49418b3ee52b6c9e06f95720ef375856fe3ca9ff"
    integrity sha1-SUGLPuUrbJ4G+Vcg7zdYVv48qf8=
    dependencies:
      iconv-lite "^0.4.18"
  
  adm-zip@^0.4.14:
    version "0.4.14"
    resolved "http://r.cnpmjs.org/adm-zip/download/adm-zip-0.4.14.tgz#2cf312bcc9f8875df835b0f6040bd89be0a727a9"
    integrity sha1-LPMSvMn4h134NbD2BAvYm+CnJ6k=
  
  iconv-lite@^0.4.18:
    version "0.4.24"
    resolved "http://r.cnpmjs.org/iconv-lite/download/iconv-lite-0.4.24.tgz#2022b4b25fbddc21d2f524974a474aafe733908b"
    integrity sha1-ICK0sl+93CHS9SSXSkdKr+czkIs=
    dependencies:
      safer-buffer ">= 2.1.2 < 3"
  
  inherits@2.0.3:
    version "2.0.3"
    resolved "http://r.cnpmjs.org/inherits/download/inherits-2.0.3.tgz#633c2c83e3da42a502f52466022480f4208261de"
    integrity sha1-Yzwsg+PaQqUC9SRmAiSA9CCCYd4=
  
  node-fs@^0.1.7:
    version "0.1.7"
    resolved "http://r.cnpmjs.org/node-fs/download/node-fs-0.1.7.tgz#32323cccb46c9fbf0fc11812d45021cc31d325bb"
    integrity sha1-MjI8zLRsn78PwRgS1FAhzDHTJbs=
  
  path@^0.12.7:
    version "0.12.7"
    resolved "http://r.cnpmjs.org/path/download/path-0.12.7.tgz#d4dc2a506c4ce2197eb481ebfcd5b36c0140b10f"
    integrity sha1-1NwqUGxM4hl+tIHr/NWzbAFAsQ8=
    dependencies:
      process "^0.11.1"
      util "^0.10.3"
  
  process@^0.11.1:
    version "0.11.10"
    resolved "http://r.cnpmjs.org/process/download/process-0.11.10.tgz#7332300e840161bda3e69a1d1d91a7d4bc16f182"
    integrity sha1-czIwDoQBYb2j5podHZGn1LwW8YI=
  
  "safer-buffer@>= 2.1.2 < 3":
    version "2.1.2"
    resolved "http://r.cnpmjs.org/safer-buffer/download/safer-buffer-2.1.2.tgz#44fa161b0187b9549dd84bb91802f9bd8385cd6a"
    integrity sha1-RPoWGwGHuVSd2Eu5GAL5vYOFzWo=
  
  util@^0.10.3:
    version "0.10.4"
    resolved "http://r.cnpmjs.org/util/download/util-0.10.4.tgz#3aa0125bfe668a4672de58857d3ace27ecb76901"
    integrity sha1-OqASW/5mikZy3liFfTrOJ+y3aQE=
    dependencies:
      inherits "2.0.3"
